<?xml version="1.0" encoding="UTF-8"?>
<testsuite name="com.eci.cosw.springbootsecureapi.SpringBootSecureApiApplicationTests" tests="1" skipped="0" failures="0" errors="0" timestamp="2020-10-20T18:10:40" hostname="DESKTOP-P4DO7ND" time="0.462">
  <properties/>
  <testcase name="contextLoads" classname="com.eci.cosw.springbootsecureapi.SpringBootSecureApiApplicationTests" time="0.462"/>
  <system-out><![CDATA[13:10:27.166 [Test worker] DEBUG org.springframework.test.context.junit4.SpringJUnit4ClassRunner - SpringJUnit4ClassRunner constructor called with [class com.eci.cosw.springbootsecureapi.SpringBootSecureApiApplicationTests]
13:10:27.184 [Test worker] DEBUG org.springframework.test.context.BootstrapUtils - Instantiating CacheAwareContextLoaderDelegate from class [org.springframework.test.context.cache.DefaultCacheAwareContextLoaderDelegate]
13:10:27.207 [Test worker] DEBUG org.springframework.test.context.BootstrapUtils - Instantiating BootstrapContext using constructor [public org.springframework.test.context.support.DefaultBootstrapContext(java.lang.Class,org.springframework.test.context.CacheAwareContextLoaderDelegate)]
13:10:27.293 [Test worker] DEBUG org.springframework.test.context.BootstrapUtils - Instantiating TestContextBootstrapper for test class [com.eci.cosw.springbootsecureapi.SpringBootSecureApiApplicationTests] from class [org.springframework.boot.test.context.SpringBootTestContextBootstrapper]
13:10:27.387 [Test worker] INFO org.springframework.boot.test.context.SpringBootTestContextBootstrapper - Neither @ContextConfiguration nor @ContextHierarchy found for test class [com.eci.cosw.springbootsecureapi.SpringBootSecureApiApplicationTests], using SpringBootContextLoader
13:10:27.396 [Test worker] DEBUG org.springframework.test.context.support.AbstractContextLoader - Did not detect default resource location for test class [com.eci.cosw.springbootsecureapi.SpringBootSecureApiApplicationTests]: class path resource [com/eci/cosw/springbootsecureapi/SpringBootSecureApiApplicationTests-context.xml] does not exist
13:10:27.397 [Test worker] DEBUG org.springframework.test.context.support.AbstractContextLoader - Did not detect default resource location for test class [com.eci.cosw.springbootsecureapi.SpringBootSecureApiApplicationTests]: class path resource [com/eci/cosw/springbootsecureapi/SpringBootSecureApiApplicationTestsContext.groovy] does not exist
13:10:27.397 [Test worker] INFO org.springframework.test.context.support.AbstractContextLoader - Could not detect default resource locations for test class [com.eci.cosw.springbootsecureapi.SpringBootSecureApiApplicationTests]: no resource found for suffixes {-context.xml, Context.groovy}.
13:10:27.400 [Test worker] INFO org.springframework.test.context.support.AnnotationConfigContextLoaderUtils - Could not detect default configuration classes for test class [com.eci.cosw.springbootsecureapi.SpringBootSecureApiApplicationTests]: SpringBootSecureApiApplicationTests does not declare any static, non-private, non-final, nested classes annotated with @Configuration.
13:10:27.563 [Test worker] DEBUG org.springframework.test.context.support.ActiveProfilesUtils - Could not find an 'annotation declaring class' for annotation type [org.springframework.test.context.ActiveProfiles] and class [com.eci.cosw.springbootsecureapi.SpringBootSecureApiApplicationTests]
13:10:27.858 [Test worker] DEBUG org.springframework.context.annotation.ClassPathScanningCandidateComponentProvider - Identified candidate component class: file [C:\Users\Jairo Gomez\Desktop\eci\IETI\Lab8\2.2-spring-boot-secure-api-react\build\classes\java\main\com\eci\cosw\springbootsecureapi\SpringBootSecureApiApplication.class]
13:10:27.864 [Test worker] INFO org.springframework.boot.test.context.SpringBootTestContextBootstrapper - Found @SpringBootConfiguration com.eci.cosw.springbootsecureapi.SpringBootSecureApiApplication for test class com.eci.cosw.springbootsecureapi.SpringBootSecureApiApplicationTests
13:10:28.874 [Test worker] DEBUG org.springframework.boot.test.context.SpringBootTestContextBootstrapper - @TestExecutionListeners is not present for class [com.eci.cosw.springbootsecureapi.SpringBootSecureApiApplicationTests]: using defaults.
13:10:28.875 [Test worker] INFO org.springframework.boot.test.context.SpringBootTestContextBootstrapper - Loaded default TestExecutionListener class names from location [META-INF/spring.factories]: [org.springframework.boot.test.autoconfigure.restdocs.RestDocsTestExecutionListener, org.springframework.boot.test.autoconfigure.web.client.MockRestServiceServerResetTestExecutionListener, org.springframework.boot.test.autoconfigure.web.servlet.MockMvcPrintOnlyOnFailureTestExecutionListener, org.springframework.boot.test.autoconfigure.web.servlet.WebDriverTestExecutionListener, org.springframework.boot.test.mock.mockito.MockitoTestExecutionListener, org.springframework.boot.test.mock.mockito.ResetMocksTestExecutionListener, org.springframework.test.context.web.ServletTestExecutionListener, org.springframework.test.context.support.DirtiesContextBeforeModesTestExecutionListener, org.springframework.test.context.support.DependencyInjectionTestExecutionListener, org.springframework.test.context.support.DirtiesContextTestExecutionListener, org.springframework.test.context.transaction.TransactionalTestExecutionListener, org.springframework.test.context.jdbc.SqlScriptsTestExecutionListener]
13:10:28.950 [Test worker] DEBUG org.springframework.boot.test.context.SpringBootTestContextBootstrapper - Skipping candidate TestExecutionListener [org.springframework.test.context.transaction.TransactionalTestExecutionListener] due to a missing dependency. Specify custom listener classes or make the default listener classes and their required dependencies available. Offending class: [org/springframework/transaction/interceptor/TransactionAttributeSource]
13:10:28.951 [Test worker] DEBUG org.springframework.boot.test.context.SpringBootTestContextBootstrapper - Skipping candidate TestExecutionListener [org.springframework.test.context.jdbc.SqlScriptsTestExecutionListener] due to a missing dependency. Specify custom listener classes or make the default listener classes and their required dependencies available. Offending class: [org/springframework/transaction/interceptor/TransactionAttribute]
13:10:28.952 [Test worker] INFO org.springframework.boot.test.context.SpringBootTestContextBootstrapper - Using TestExecutionListeners: [org.springframework.test.context.web.ServletTestExecutionListener@19d4f6f3, org.springframework.test.context.support.DirtiesContextBeforeModesTestExecutionListener@7b29350c, org.springframework.boot.test.mock.mockito.MockitoTestExecutionListener@eee46de, org.springframework.boot.test.autoconfigure.SpringBootDependencyInjectionTestExecutionListener@597554b7, org.springframework.test.context.support.DirtiesContextTestExecutionListener@67285204, org.springframework.boot.test.autoconfigure.restdocs.RestDocsTestExecutionListener@559b8ab8, org.springframework.boot.test.autoconfigure.web.client.MockRestServiceServerResetTestExecutionListener@293fee63, org.springframework.boot.test.autoconfigure.web.servlet.MockMvcPrintOnlyOnFailureTestExecutionListener@5a1cd71f, org.springframework.boot.test.autoconfigure.web.servlet.WebDriverTestExecutionListener@7f81062a, org.springframework.boot.test.mock.mockito.ResetMocksTestExecutionListener@76c69d28]
13:10:28.959 [Test worker] DEBUG org.springframework.test.annotation.ProfileValueUtils - Retrieved @ProfileValueSourceConfiguration [null] for test class [com.eci.cosw.springbootsecureapi.SpringBootSecureApiApplicationTests]
13:10:28.960 [Test worker] DEBUG org.springframework.test.annotation.ProfileValueUtils - Retrieved ProfileValueSource type [class org.springframework.test.annotation.SystemProfileValueSource] for class [com.eci.cosw.springbootsecureapi.SpringBootSecureApiApplicationTests]
13:10:28.961 [Test worker] DEBUG org.springframework.test.annotation.ProfileValueUtils - Retrieved @ProfileValueSourceConfiguration [null] for test class [com.eci.cosw.springbootsecureapi.SpringBootSecureApiApplicationTests]
13:10:28.961 [Test worker] DEBUG org.springframework.test.annotation.ProfileValueUtils - Retrieved ProfileValueSource type [class org.springframework.test.annotation.SystemProfileValueSource] for class [com.eci.cosw.springbootsecureapi.SpringBootSecureApiApplicationTests]
13:10:28.971 [Test worker] DEBUG org.springframework.test.context.support.AbstractDirtiesContextTestExecutionListener - Before test class: context [DefaultTestContext@37ba55e7 testClass = SpringBootSecureApiApplicationTests, testInstance = [null], testMethod = [null], testException = [null], mergedContextConfiguration = [WebMergedContextConfiguration@78f5edd2 testClass = SpringBootSecureApiApplicationTests, locations = '{}', classes = '{class com.eci.cosw.springbootsecureapi.SpringBootSecureApiApplication}', contextInitializerClasses = '[]', activeProfiles = '{}', propertySourceLocations = '{}', propertySourceProperties = '{org.springframework.boot.test.context.SpringBootTestContextBootstrapper=true}', contextCustomizers = set[org.springframework.boot.test.autoconfigure.properties.PropertyMappingContextCustomizer@0, org.springframework.boot.test.autoconfigure.web.servlet.WebDriverContextCustomizerFactory$Customizer@756516cb, org.springframework.boot.test.context.filter.ExcludeFilterContextCustomizer@6a6518c7, org.springframework.boot.test.json.DuplicateJsonObjectContextCustomizerFactory$DuplicateJsonObjectContextCustomizer@768de842, org.springframework.boot.test.mock.mockito.MockitoContextCustomizer@0, org.springframework.boot.test.web.client.TestRestTemplateContextCustomizer@36150b04], resourceBasePath = 'src/main/webapp', contextLoader = 'org.springframework.boot.test.context.SpringBootContextLoader', parent = [null]], attributes = map['org.springframework.test.context.web.ServletTestExecutionListener.activateListener' -> true]], class annotated with @DirtiesContext [false] with mode [null].
13:10:28.972 [Test worker] DEBUG org.springframework.test.annotation.ProfileValueUtils - Retrieved @ProfileValueSourceConfiguration [null] for test class [com.eci.cosw.springbootsecureapi.SpringBootSecureApiApplicationTests]
13:10:28.972 [Test worker] DEBUG org.springframework.test.annotation.ProfileValueUtils - Retrieved ProfileValueSource type [class org.springframework.test.annotation.SystemProfileValueSource] for class [com.eci.cosw.springbootsecureapi.SpringBootSecureApiApplicationTests]
13:10:29.105 [Test worker] DEBUG org.springframework.test.context.support.TestPropertySourceUtils - Adding inlined properties to environment: {spring.jmx.enabled=false, org.springframework.boot.test.context.SpringBootTestContextBootstrapper=true, server.port=-1}

  .   ____          _            __ _ _
 /\\ / ___'_ __ _ _(_)_ __  __ _ \ \ \ \
( ( )\___ | '_ | '_| | '_ \/ _` | \ \ \ \
 \\/  ___)| |_)| | | | | || (_| |  ) ) ) )
  '  |____| .__|_| |_|_| |_\__, | / / / /
 =========|_|==============|___/=/_/_/_/
 :: Spring Boot ::        (v2.1.3.RELEASE)

2020-10-20 13:10:30.869  INFO 19780 --- [    Test worker] .c.s.SpringBootSecureApiApplicationTests : Starting SpringBootSecureApiApplicationTests on DESKTOP-P4DO7ND with PID 19780 (started by Jairo Gomez in C:\Users\Jairo Gomez\Desktop\eci\IETI\Lab8\2.2-spring-boot-secure-api-react)
2020-10-20 13:10:30.871  INFO 19780 --- [    Test worker] .c.s.SpringBootSecureApiApplicationTests : No active profile set, falling back to default profiles: default
2020-10-20 13:10:39.451  INFO 19780 --- [    Test worker] o.s.s.concurrent.ThreadPoolTaskExecutor  : Initializing ExecutorService 'applicationTaskExecutor'
2020-10-20 13:10:40.894  INFO 19780 --- [    Test worker] .c.s.SpringBootSecureApiApplicationTests : Started SpringBootSecureApiApplicationTests in 11.721 seconds (JVM running for 17.77)
]]></system-out>
  <system-err><![CDATA[]]></system-err>
</testsuite>
